
The following files have been resolved:
   commons-codec:commons-codec:jar:1.5:compile
   commons-io:commons-io:jar:2.3:compile
   de.javakaffee.msm:memcached-session-manager:jar:1.8.3:compile
   org.apache.tomcat:tomcat-jsp-api:jar:8.0.33:compile
   org.apache.httpcomponents:httpcore:jar:4.3:compile
   org.apache.commons:commons-pool2:jar:2.3:compile
   de.javakaffee.msm:memcached-session-manager-tc8:jar:1.8.3:compile
   org.glassfish.jersey.bundles.repackaged:jersey-guava:jar:2.22.2:compile
   org.apache.tomcat:tomcat-servlet-api:jar:8.0.33:compile
   org.apache.tomcat.embed:tomcat-embed-core:jar:8.0.33:compile
   org.apache.tomcat.embed:tomcat-embed-el:jar:8.0.33:compile
   org.apache.tomcat:tomcat-util:jar:8.0.33:compile
   org.postgresql:postgresql:jar:9.4.1208:compile
   org.apache.tomcat.embed:tomcat-embed-logging-juli:jar:8.0.33:compile
   javax.ws.rs:javax.ws.rs-api:jar:2.0.1:compile
   org.glassfish.jersey.media:jersey-media-json-jackson:jar:2.22.2:compile
   org.glassfish.jersey.core:jersey-client:jar:2.22.2:compile
   com.fasterxml.jackson.core:jackson-annotations:jar:2.5.4:compile
   com.fasterxml.jackson.module:jackson-module-jaxb-annotations:jar:2.5.4:compile
   com.fasterxml.jackson.jaxrs:jackson-jaxrs-base:jar:2.5.4:compile
   javax.validation:validation-api:jar:1.1.0.Final:compile
   org.apache.tomcat.embed:tomcat-embed-jasper:jar:8.0.33:compile
   net.spy:spymemcached:jar:2.11.1:compile
   org.glassfish.jersey.core:jersey-common:jar:2.22.2:compile
   com.fasterxml.jackson.core:jackson-databind:jar:2.5.4:compile
   org.eclipse.jdt.core.compiler:ecj:jar:4.5:compile
   com.fasterxml.jackson.core:jackson-core:jar:2.5.4:compile
   com.google.code.findbugs:jsr305:jar:1.3.9:compile
   com.google.code.findbugs:annotations:jar:1.3.9:compile
   org.glassfish.hk2:hk2-api:jar:2.4.0-b34:compile
   com.github.jkutner:tomcat-redis-session:jar:8.0.18.1:compile
   redis.clients:jedis:jar:2.6.2:compile
   org.glassfish.jersey.core:jersey-server:jar:2.22.2:compile
   org.apache.tomcat:tomcat-jasper-el:jar:8.0.33:compile
   com.github.jsimone:webapp-runner:jar:8.0.33.0:compile
   org.javassist:javassist:jar:3.18.1-GA:compile
   com.fasterxml.jackson.jaxrs:jackson-jaxrs-json-provider:jar:2.5.4:compile
   org.apache.tomcat:tomcat-juli:jar:8.0.33:compile
   javax.annotation:javax.annotation-api:jar:1.2:compile
   org.apache.tomcat:tomcat-jasper:jar:8.0.33:compile
   org.glassfish.jersey.media:jersey-media-jaxb:jar:2.22.2:compile
   org.glassfish.hk2:osgi-resource-locator:jar:1.0.1:compile
   com.beust:jcommander:jar:1.27:compile
   org.codehaus.jettison:jettison:jar:1.1:compile
   org.glassfish.hk2:hk2-locator:jar:2.4.0-b34:compile
   org.apache.tomcat:tomcat-util-scan:jar:8.0.33:compile
   com.couchbase.client:couchbase-client:jar:1.4.0:compile
   org.glassfish.jersey.ext:jersey-entity-filtering:jar:2.22.2:compile
   org.glassfish.hk2:hk2-utils:jar:2.4.0-b34:compile
   org.glassfish.hk2.external:aopalliance-repackaged:jar:2.4.0-b34:compile
   org.apache.httpcomponents:httpcore-nio:jar:4.3:compile
   org.glassfish.jersey.containers:jersey-container-servlet-core:jar:2.22.2:compile
   org.glassfish.hk2.external:javax.inject:jar:2.4.0-b34:compile
   org.apache.tomcat:tomcat-api:jar:8.0.33:compile
   org.apache.tomcat:tomcat-el-api:jar:8.0.33:compile
   io.netty:netty:jar:3.5.5.Final:compile
   stax:stax-api:jar:1.0.1:compile

